<?xml version="1.0" encoding="UTF-8" ?>
<testsuite errors="0" failures="0" hostname="csmith-master" name="org.beedom.dslforge.test.DecoratorTests" tests="2" time="0.131" timestamp="2010-05-03T18:35:21">
  <properties>
[...]
</properties>
  <testcase classname="org.beedom.dslforge.test.DecoratorTests" name="decoratorInClosure" time="0.054"></testcase>
  <testcase classname="org.beedom.dslforge.test.DecoratorTests" name="decoratorInScript" time="0.072"></testcase>
  <system-out><![CDATA[]]></system-out>
  <system-err><![CDATA[]]></system-err>
</testsuite>
