<?xml version="1.0" encoding="UTF-8" ?>
<testsuite errors="0" failures="0" hostname="csmith-master" name="org.beedom.dslforge.test.DelegateTests" tests="2" time="1.352" timestamp="2010-05-03T18:35:21">
  <properties>
[...]
</properties>
  <testcase classname="org.beedom.dslforge.test.DelegateTests" name="nestedDelegates" time="0.581"></testcase>
  <testcase classname="org.beedom.dslforge.test.DelegateTests" name="useAlias" time="0.766"></testcase>
  <system-out><![CDATA[FeatureDelegate: Shopping Cart Management
in_order to use a webshop
as_a customer
i_want to make changes to a shopping cart
ScenarioDelegate: Remove product from basket
given logged in customer
login - customer
login - id:test@d1272911721287d.com pwd:hellobaby
and the customer has checked out a basket with 1 item
when the customer removes that item from the basket
then the basket is empty
logout - customer
ScenarioDelegate: Remove product from basket
given logged in customer
and the customer has checked out a basket with 1 item
when the customer removes that item from the basket
then the basket is empty
ScenarioDelegate: Termék törlése a kosárból
adott(given) egy vásárló, aki azonosította magát
és(and) a vásárló a kosarat véglegesítettete egy termékkel
amikor(when) a vásárló törölte a terméket a kosárból
akkor(then) a kosár üres lesz
signIn/login - customer
signIn/login - id:test@d1272911722100d.com pwd:hellobaby
]]></system-out>
  <system-err><![CDATA[]]></system-err>
</testsuite>
