<?xml version="1.0" encoding="UTF-8" ?>
<testsuite errors="1" failures="0" hostname="csmith-master" name="org.beedom.dslforge.test.ScriptTests" tests="1" time="0.107" timestamp="2010-05-03T18:35:25">
  <properties>
[...]
</properties>
  <testcase classname="org.beedom.dslforge.test.ScriptTests" name="scriptWithAllFunctionality" time="0.103">
    <error message="startup failed:
/home/kovax/beedom/gitworkspace/dslforge/src/test/scripts/AllFuntionalityScript.groovy: 120: unexpected token: scenario @ line 120, column 5.
       scenario &quot;Remove product from basket&quot;, {
       ^

1 error
" type="org.codehaus.groovy.control.MultipleCompilationErrorsException">org.codehaus.groovy.control.MultipleCompilationErrorsException: startup failed:
/home/kovax/beedom/gitworkspace/dslforge/src/test/scripts/AllFuntionalityScript.groovy: 120: unexpected token: scenario @ line 120, column 5.
       scenario &quot;Remove product from basket&quot;, {
       ^

1 error

	at org.codehaus.groovy.control.ErrorCollector.failIfErrors(ErrorCollector.java:296)
	at org.codehaus.groovy.control.ErrorCollector.addFatalError(ErrorCollector.java:143)
	at org.codehaus.groovy.control.ErrorCollector.addError(ErrorCollector.java:113)
	at org.codehaus.groovy.control.ErrorCollector.addError(ErrorCollector.java:125)
	at org.codehaus.groovy.control.SourceUnit.addError(SourceUnit.java:353)
	at org.codehaus.groovy.antlr.AntlrParserPlugin.transformCSTIntoAST(AntlrParserPlugin.java:102)
	at org.codehaus.groovy.antlr.AntlrParserPlugin.parseCST(AntlrParserPlugin.java:69)
	at org.codehaus.groovy.control.SourceUnit.parse(SourceUnit.java:249)
	at org.codehaus.groovy.control.CompilationUnit$1.call(CompilationUnit.java:158)
	at org.codehaus.groovy.control.CompilationUnit.applyToSourceUnits(CompilationUnit.java:831)
	at org.codehaus.groovy.control.CompilationUnit.doPhaseOperation(CompilationUnit.java:519)
	at org.codehaus.groovy.control.CompilationUnit.processPhaseOperations(CompilationUnit.java:495)
	at org.codehaus.groovy.control.CompilationUnit.compile(CompilationUnit.java:472)
	at groovy.lang.GroovyClassLoader.parseClass(GroovyClassLoader.java:291)
	at groovy.util.GroovyScriptEngine$ScriptClassLoader.parseClass(GroovyScriptEngine.java:175)
	at groovy.lang.GroovyClassLoader.parseClass(GroovyClassLoader.java:262)
	at groovy.lang.GroovyClassLoader.parseClass(GroovyClassLoader.java:206)
	at groovy.util.GroovyScriptEngine.loadScriptByName(GroovyScriptEngine.java:411)
	at groovy.util.GroovyScriptEngine.createScript(GroovyScriptEngine.java:477)
	at org.codehaus.groovy.runtime.callsite.PojoMetaMethodSite$PojoCachedMethodSiteNoUnwrapNoCoerce.invoke(PojoMetaMethodSite.java:229)
	at org.codehaus.groovy.runtime.callsite.PojoMetaMethodSite.call(PojoMetaMethodSite.java:52)
	at org.codehaus.groovy.runtime.callsite.AbstractCallSite.call(AbstractCallSite.java:129)
	at org.beedom.dslforge.DSLEngine.run(DSLEngine.groovy:136)
	at org.beedom.dslforge.DSLEngine$run$0.call(Unknown Source)
	at org.codehaus.groovy.runtime.callsite.CallSiteArray.defaultCall(CallSiteArray.java:40)
	at org.codehaus.groovy.runtime.callsite.AbstractCallSite.call(AbstractCallSite.java:117)
	at org.codehaus.groovy.runtime.callsite.AbstractCallSite.call(AbstractCallSite.java:125)
	at org.beedom.dslforge.test.ScriptTests.scriptWithAllFunctionality(ScriptTests.groovy:9)
</error>
  </testcase>
  <system-out><![CDATA[]]></system-out>
  <system-err><![CDATA[]]></system-err>
</testsuite>
