<?xml version="1.0" encoding="UTF-8" ?>
<testsuites>
  <testsuite errors="0" failures="0" hostname="csmith-master" id="0" name="BindingConventionTests" package="org.beedom.dslforge.test" tests="7" time="1.938" timestamp="2010-05-03T18:34:01">
      <properties>
[...]
</properties>

      <testcase classname="org.beedom.dslforge.test.BindingConventionTests" name="propertyNameConversion" time="0.09" />

      <testcase classname="org.beedom.dslforge.test.BindingConventionTests" name="autoPropertyName" time="0.041" />

      <testcase classname="org.beedom.dslforge.test.BindingConventionTests" name="propertyNameByString" time="0.0020" />

      <testcase classname="org.beedom.dslforge.test.BindingConventionTests" name="propertyNameByStringException" time="0.0020" />

      <testcase classname="org.beedom.dslforge.test.BindingConventionTests" name="propertyNameByClosure" time="0.015" />

      <testcase classname="org.beedom.dslforge.test.BindingConventionTests" name="bidingIndividualObject" time="0.013" />

      <testcase classname="org.beedom.dslforge.test.BindingConventionTests" name="bidingObjectList" time="0.0090" />

      <system-out><![CDATA[]]></system-out>

      <system-err><![CDATA[]]></system-err>

  </testsuite>
  <testsuite errors="0" failures="0" hostname="csmith-master" id="1" name="DSLContextTests" package="org.beedom.dslforge.test" tests="3" time="2.55" timestamp="2010-05-03T18:34:02">
      <properties>
[...]
</properties>

      <testcase classname="org.beedom.dslforge.test.DSLContextTests" name="testContextShare" time="0.885" />

      <testcase classname="org.beedom.dslforge.test.DSLContextTests" name="testContextUpdateByDSL" time="0.853" />

      <testcase classname="org.beedom.dslforge.test.DSLContextTests" name="testContextChangeByOtherDSL" time="0.788" />

      <system-out><![CDATA[login - customer
login - id:test@d1272911644598d.com pwd:hellobaby
logout - customer
]]></system-out>

      <system-err><![CDATA[]]></system-err>

  </testsuite>
  <testsuite errors="0" failures="0" hostname="csmith-master" id="2" name="DecoratorTests" package="org.beedom.dslforge.test" tests="2" time="0.161" timestamp="2010-05-03T18:34:05">
      <properties>
[...]
</properties>

      <testcase classname="org.beedom.dslforge.test.DecoratorTests" name="decoratorInClosure" time="0.068" />

      <testcase classname="org.beedom.dslforge.test.DecoratorTests" name="decoratorInScript" time="0.088" />

      <system-out><![CDATA[]]></system-out>

      <system-err><![CDATA[]]></system-err>

  </testsuite>
  <testsuite errors="0" failures="0" hostname="csmith-master" id="3" name="DelegateTests" package="org.beedom.dslforge.test" tests="2" time="1.389" timestamp="2010-05-03T18:34:05">
      <properties>
[...]
</properties>

      <testcase classname="org.beedom.dslforge.test.DelegateTests" name="nestedDelegates" time="0.614" />

      <testcase classname="org.beedom.dslforge.test.DelegateTests" name="useAlias" time="0.769" />

      <system-out><![CDATA[FeatureDelegate: Shopping Cart Management
in_order to use a webshop
as_a customer
i_want to make changes to a shopping cart
ScenarioDelegate: Remove product from basket
given logged in customer
login - customer
login - id:test@d1272911645681d.com pwd:hellobaby
and the customer has checked out a basket with 1 item
when the customer removes that item from the basket
then the basket is empty
logout - customer
ScenarioDelegate: Remove product from basket
given logged in customer
and the customer has checked out a basket with 1 item
when the customer removes that item from the basket
then the basket is empty
ScenarioDelegate: Termék törlése a kosárból
adott(given) egy vásárló, aki azonosította magát
és(and) a vásárló a kosarat véglegesítettete egy termékkel
amikor(when) a vásárló törölte a terméket a kosárból
akkor(then) a kosár üres lesz
signIn/login - customer
signIn/login - id:test@d1272911646512d.com pwd:hellobaby
]]></system-out>

      <system-err><![CDATA[]]></system-err>

  </testsuite>
  <testsuite errors="0" failures="0" hostname="csmith-master" id="4" name="IncludeTest" package="org.beedom.dslforge.test" tests="3" time="2.719" timestamp="2010-05-03T18:34:06">
      <properties>
[...]
</properties>

      <testcase classname="org.beedom.dslforge.test.IncludeTest" name="scriptIncludeScript" time="1.29" />

      <testcase classname="org.beedom.dslforge.test.IncludeTest" name="closureIncludeClosure" time="0.549" />

      <testcase classname="org.beedom.dslforge.test.IncludeTest" name="closureIncludeScript" time="0.874" />

      <system-out><![CDATA[login - customer
login - id:test@d1272911647108d.com pwd:hellobaby
logout - customer
sign in/login - customer
sign in/login - id:test@d1272911647108d.com pwd:hellobaby
logout - customer
FeatureDelegate: Shopping Cart Management
in_order to use a webshop
as_a customer
i_want to make changes to a shopping cart
as_a admin
i_want to forbid changes to a shopping cart
ScenarioDelegate: Remove product from basket
given logged in customer1
provided(given) logged in customer2
provided(given) logged in customer3
and the customer has checked out a basket with 1 item
és(and) a vásárló a bevásárló kocsit véglegesítettete
when the customer removes that item from the basket
then the basket is empty
ScenarioDelegate: Termék törlése a kosárból
adott(given) egy vásárló, aki azonosította magát
és(and) a vásárló a kosarat véglegesítettete egy termékkel
amikor(when) a vásárló törölte a terméket a kosárból
akkor(then) a kosár üres lesz
]]></system-out>

      <system-err><![CDATA[]]></system-err>

  </testsuite>
  <testsuite errors="1" failures="0" hostname="csmith-master" id="5" name="ScriptTests" package="org.beedom.dslforge.test" tests="1" time="0.113" timestamp="2010-05-03T18:34:09">
      <properties>
[...]
</properties>

      <testcase classname="org.beedom.dslforge.test.ScriptTests" name="scriptWithAllFunctionality" time="0.109">
          <error message="startup failed: /home/kovax/beedom/gitworkspace/dslforge/src/test/scripts/AllFuntionalityScript.groovy: 120: unexpected token: scenario @ line 120, column 5.        scenario &quot;Remove product from basket&quot;, {        ^  1 error " type="org.codehaus.groovy.control.MultipleCompilationErrorsException">org.codehaus.groovy.control.MultipleCompilationErrorsException: startup failed:
/home/kovax/beedom/gitworkspace/dslforge/src/test/scripts/AllFuntionalityScript.groovy: 120: unexpected token: scenario @ line 120, column 5.
       scenario &quot;Remove product from basket&quot;, {
       ^

1 error

	at org.codehaus.groovy.control.ErrorCollector.failIfErrors(ErrorCollector.java:296)
	at org.codehaus.groovy.control.ErrorCollector.addFatalError(ErrorCollector.java:143)
	at org.codehaus.groovy.control.ErrorCollector.addError(ErrorCollector.java:113)
	at org.codehaus.groovy.control.ErrorCollector.addError(ErrorCollector.java:125)
	at org.codehaus.groovy.control.SourceUnit.addError(SourceUnit.java:353)
	at org.codehaus.groovy.antlr.AntlrParserPlugin.transformCSTIntoAST(AntlrParserPlugin.java:102)
	at org.codehaus.groovy.antlr.AntlrParserPlugin.parseCST(AntlrParserPlugin.java:69)
	at org.codehaus.groovy.control.SourceUnit.parse(SourceUnit.java:249)
	at org.codehaus.groovy.control.CompilationUnit$1.call(CompilationUnit.java:158)
	at org.codehaus.groovy.control.CompilationUnit.applyToSourceUnits(CompilationUnit.java:831)
	at org.codehaus.groovy.control.CompilationUnit.doPhaseOperation(CompilationUnit.java:519)
	at org.codehaus.groovy.control.CompilationUnit.processPhaseOperations(CompilationUnit.java:495)
	at org.codehaus.groovy.control.CompilationUnit.compile(CompilationUnit.java:472)
	at groovy.lang.GroovyClassLoader.parseClass(GroovyClassLoader.java:291)
	at groovy.util.GroovyScriptEngine$ScriptClassLoader.parseClass(GroovyScriptEngine.java:175)
	at groovy.lang.GroovyClassLoader.parseClass(GroovyClassLoader.java:262)
	at groovy.lang.GroovyClassLoader.parseClass(GroovyClassLoader.java:206)
	at groovy.util.GroovyScriptEngine.loadScriptByName(GroovyScriptEngine.java:411)
	at groovy.util.GroovyScriptEngine.createScript(GroovyScriptEngine.java:477)
	at org.codehaus.groovy.runtime.callsite.PojoMetaMethodSite$PojoCachedMethodSiteNoUnwrapNoCoerce.invoke(PojoMetaMethodSite.java:229)
	at org.codehaus.groovy.runtime.callsite.PojoMetaMethodSite.call(PojoMetaMethodSite.java:52)
	at org.codehaus.groovy.runtime.callsite.AbstractCallSite.call(AbstractCallSite.java:129)
	at org.beedom.dslforge.DSLEngine.run(DSLEngine.groovy:136)
	at org.beedom.dslforge.DSLEngine$run$0.call(Unknown Source)
	at org.codehaus.groovy.runtime.callsite.CallSiteArray.defaultCall(CallSiteArray.java:40)
	at org.codehaus.groovy.runtime.callsite.AbstractCallSite.call(AbstractCallSite.java:117)
	at org.codehaus.groovy.runtime.callsite.AbstractCallSite.call(AbstractCallSite.java:125)
	at org.beedom.dslforge.test.ScriptTests.scriptWithAllFunctionality(ScriptTests.groovy:9)
</error>

      </testcase>

      <system-out><![CDATA[]]></system-out>

      <system-err><![CDATA[]]></system-err>

  </testsuite>
  <testsuite errors="0" failures="0" hostname="csmith-master" id="6" name="SeleniumDelagateTests" package="org.beedom.dslforge.test" tests="4" time="39.525" timestamp="2010-05-03T18:34:09">
      <properties>
[...]
</properties>

      <testcase classname="org.beedom.dslforge.test.SeleniumDelagateTests" name="defaultSelenium" time="13.29" />

      <testcase classname="org.beedom.dslforge.test.SeleniumDelagateTests" name="defaultSeleniumVariable" time="8.983" />

      <testcase classname="org.beedom.dslforge.test.SeleniumDelagateTests" name="seleniumDelegate" time="8.429" />

      <testcase classname="org.beedom.dslforge.test.SeleniumDelagateTests" name="seleniumDelegate2" time="8.489" />

      <system-out><![CDATA[20:34:09.941 INFO - Java: Sun Microsystems Inc. 16.3-b01
20:34:09.941 INFO - OS: Linux 2.6.31-20-generic i386
20:34:09.949 INFO - v2.0 [a2], with Core v2.0 [a2]
20:34:10.106 INFO - RemoteWebDriver instances should connect to: http://192.168.1.75:4444/wd/hub
20:34:10.108 INFO - Version Jetty/5.1.x
20:34:10.110 INFO - Started HttpContext[/selenium-server/driver,/selenium-server/driver]
20:34:10.111 INFO - Started HttpContext[/selenium-server,/selenium-server]
20:34:10.112 INFO - Started HttpContext[/,/]
20:34:10.126 INFO - Started org.openqa.jetty.jetty.servlet.ServletHandler@1787005
20:34:10.126 INFO - Started HttpContext[/wd,/wd]
20:34:10.150 INFO - Started SocketListener on 0.0.0.0:4444
20:34:10.150 INFO - Started org.openqa.jetty.jetty.Server@a4be02
20:34:10.359 INFO - Checking Resource aliases
20:34:10.405 INFO - Command request: getNewBrowserSession[*firefox, http://www.google.com/, ] on session null
20:34:10.410 INFO - creating new remote session
20:34:10.587 INFO - Allocated session 361593537709483b9acc6afea6e15542 for http://www.google.com/, launching...
20:34:10.659 INFO - Preparing Firefox profile...
20:34:15.459 INFO - Launching Firefox...
20:34:21.989 INFO - Got result: OK,361593537709483b9acc6afea6e15542 on session 361593537709483b9acc6afea6e15542
20:34:22.012 INFO - Command request: open[/, ] on session 361593537709483b9acc6afea6e15542
20:34:22.789 INFO - Got result: OK on session 361593537709483b9acc6afea6e15542
20:34:22.807 INFO - Command request: type[q, selenium rc] on session 361593537709483b9acc6afea6e15542
20:34:22.839 INFO - Got result: OK on session 361593537709483b9acc6afea6e15542
20:34:22.844 INFO - Command request: click[btnG, ] on session 361593537709483b9acc6afea6e15542
20:34:22.908 INFO - Got result: OK on session 361593537709483b9acc6afea6e15542
20:34:22.912 INFO - Command request: waitForPageToLoad[30000, ] on session 361593537709483b9acc6afea6e15542
20:34:23.440 INFO - Got result: OK on session 361593537709483b9acc6afea6e15542
20:34:23.543 INFO - Command request: getNewBrowserSession[*firefox, http://www.google.com/, ] on session null
20:34:23.544 INFO - creating new remote session
20:34:23.545 INFO - Allocated session 59e161268fff409995b229582370cd27 for http://www.google.com/, launching...
20:34:23.605 INFO - Preparing Firefox profile...
20:34:26.998 INFO - Launching Firefox...
20:34:31.383 INFO - Got result: OK,59e161268fff409995b229582370cd27 on session 59e161268fff409995b229582370cd27
20:34:31.388 INFO - Command request: open[/, ] on session 59e161268fff409995b229582370cd27
20:34:32.068 INFO - Got result: OK on session 59e161268fff409995b229582370cd27
20:34:32.074 INFO - Command request: type[q, selenium rc] on session 59e161268fff409995b229582370cd27
20:34:32.115 INFO - Got result: OK on session 59e161268fff409995b229582370cd27
20:34:32.121 INFO - Command request: click[btnG, ] on session 59e161268fff409995b229582370cd27
20:34:32.184 INFO - Got result: OK on session 59e161268fff409995b229582370cd27
20:34:32.190 INFO - Command request: waitForPageToLoad[30000, ] on session 59e161268fff409995b229582370cd27
20:34:32.426 INFO - Got result: OK on session 59e161268fff409995b229582370cd27
20:34:32.486 INFO - Command request: getNewBrowserSession[*firefox, http://www.google.com/, ] on session null
20:34:32.486 INFO - creating new remote session
20:34:32.487 INFO - Allocated session eb72e310e6c84a9c8f515f871598f2b2 for http://www.google.com/, launching...
20:34:32.513 INFO - Preparing Firefox profile...
20:34:35.569 INFO - Launching Firefox...
20:34:39.600 INFO - Got result: OK,eb72e310e6c84a9c8f515f871598f2b2 on session eb72e310e6c84a9c8f515f871598f2b2
20:34:39.604 INFO - Command request: open[/, ] on session eb72e310e6c84a9c8f515f871598f2b2
20:34:40.339 INFO - Got result: OK on session eb72e310e6c84a9c8f515f871598f2b2
20:34:40.343 INFO - Command request: type[q, selenium rc] on session eb72e310e6c84a9c8f515f871598f2b2
20:34:40.381 INFO - Got result: OK on session eb72e310e6c84a9c8f515f871598f2b2
20:34:40.386 INFO - Command request: click[btnG, ] on session eb72e310e6c84a9c8f515f871598f2b2
20:34:40.436 INFO - Got result: OK on session eb72e310e6c84a9c8f515f871598f2b2
20:34:40.440 INFO - Command request: waitForPageToLoad[30000, ] on session eb72e310e6c84a9c8f515f871598f2b2
20:34:40.844 INFO - Got result: OK on session eb72e310e6c84a9c8f515f871598f2b2
20:34:40.906 INFO - Command request: getNewBrowserSession[*firefox, http://www.google.com/, ] on session null
20:34:40.906 INFO - creating new remote session
20:34:40.907 INFO - Allocated session 6dfc0a3401ee40d6bc75eb40393ac245 for http://www.google.com/, launching...
20:34:40.932 INFO - Preparing Firefox profile...
20:34:43.808 INFO - Launching Firefox...
20:34:48.204 INFO - Got result: OK,6dfc0a3401ee40d6bc75eb40393ac245 on session 6dfc0a3401ee40d6bc75eb40393ac245
20:34:48.208 INFO - Command request: open[/, ] on session 6dfc0a3401ee40d6bc75eb40393ac245
20:34:48.825 INFO - Got result: OK on session 6dfc0a3401ee40d6bc75eb40393ac245
20:34:48.828 INFO - Command request: type[q, selenium rc] on session 6dfc0a3401ee40d6bc75eb40393ac245
20:34:48.860 INFO - Got result: OK on session 6dfc0a3401ee40d6bc75eb40393ac245
20:34:48.863 INFO - Command request: click[btnG, ] on session 6dfc0a3401ee40d6bc75eb40393ac245
20:34:48.914 INFO - Got result: OK on session 6dfc0a3401ee40d6bc75eb40393ac245
20:34:48.919 INFO - Command request: waitForPageToLoad[30000, ] on session 6dfc0a3401ee40d6bc75eb40393ac245
20:34:49.345 INFO - Got result: OK on session 6dfc0a3401ee40d6bc75eb40393ac245
]]></system-out>

      <system-err><![CDATA[
(firefox:18037): GLib-WARNING **: g_set_prgname() called multiple times

(firefox:18037): GLib-WARNING **: g_set_prgname() called multiple times

(firefox:18084): GLib-WARNING **: g_set_prgname() called multiple times

(firefox:18084): GLib-WARNING **: g_set_prgname() called multiple times

(firefox:18128): GLib-WARNING **: g_set_prgname() called multiple times

(firefox:18128): GLib-WARNING **: g_set_prgname() called multiple times

(firefox:18173): GLib-WARNING **: g_set_prgname() called multiple times

(firefox:18173): GLib-WARNING **: g_set_prgname() called multiple times
]]></system-err>

  </testsuite>
</testsuites>
